<?xml version="1.0" encoding="UTF-8"?>
<!-- Generated by org.testng.reporters.JUnitReportReporter -->
<testsuite hostname="DESKTOP-D5MDPKE" failures="0" tests="1" name="com.caiiht.fusion.selenium.controls.BaseSetup" time="2.326" errors="0" timestamp="2022-07-26T13:17:56 IST" skipped="0">
  <testcase classname="com.caiiht.fusion.selenium.controls.BaseSetup" name="launchBrowser" time="2.326"/>
  <system-out/>
</testsuite> <!-- com.caiiht.fusion.selenium.controls.BaseSetup -->
