<?xml version="1.0" encoding="UTF-8"?>
<!-- Generated by org.testng.reporters.JUnitReportReporter -->
<testsuite hostname="DESKTOP-D5MDPKE" failures="0" tests="1" name="com.caiiht.fusion.selenium.yaksha.YakshaTenantCreate" time="4.248" errors="0" timestamp="2022-07-25T13:26:14 IST" skipped="0">
  <testcase classname="com.caiiht.fusion.selenium.yaksha.YakshaTenantCreate" name="YTenantCreate" time="4.248"/>
  <system-out>
    <![CDATA[Tenant 'ADS' Created successfully with Active status.]]>
  </system-out>
</testsuite> <!-- com.caiiht.fusion.selenium.yaksha.YakshaTenantCreate -->
