<?xml version="1.0" encoding="UTF-8"?>
<!-- Generated by org.testng.reporters.JUnitReportReporter -->
<testsuite hostname="DESKTOP-D5MDPKE" failures="0" tests="1" name="com.caiiht.fusion.selenium.yaksha.YakshaAssessment" time="18.534" errors="0" timestamp="2022-07-25T20:11:55 IST" skipped="0">
  <testcase classname="com.caiiht.fusion.selenium.yaksha.YakshaAssessment" name="YAssessmentcreate" time="18.534"/>
  <system-out>
    <![CDATA[Sample Automation Test3:Assesment created as draft]]>
  </system-out>
</testsuite> <!-- com.caiiht.fusion.selenium.yaksha.YakshaAssessment -->
