<?xml version="1.0" encoding="UTF-8"?>
<!-- Generated by org.testng.reporters.JUnitReportReporter -->
<testsuite hostname="DESKTOP-D5MDPKE" failures="0" tests="1" name="com.caiiht.fusion.selenium.yaksha.yakshalogin" time="25.465" errors="0" timestamp="2022-07-26T13:17:56 IST" skipped="0">
  <testcase classname="com.caiiht.fusion.selenium.yaksha.yakshalogin" name="YLogin" time="25.465"/>
  <system-out>
    <![CDATA[Login succesfully- Home page displayed]]>
  </system-out>
</testsuite> <!-- com.caiiht.fusion.selenium.yaksha.yakshalogin -->
