<?xml version="1.0" encoding="UTF-8"?>
<!-- Generated by org.testng.reporters.JUnitReportReporter -->
<testsuite hostname="DESKTOP-D5MDPKE" failures="0" tests="2" name="com.caiiht.fusion.selenium.yaksha.YakshaSkill" time="18.026" errors="0" timestamp="2022-07-26T11:33:23 IST" skipped="1">
  <testcase classname="com.caiiht.fusion.selenium.yaksha.YakshaSkill" name="YCategoryCreate" time="18.026"/>
  <system-out>
    <![CDATA[AutomationTestone: Category created with3 Skills]]>
  </system-out>
  <testcase classname="com.caiiht.fusion.selenium.yaksha.YakshaSkill" name="YSkillCreate">
    <skipped/>
  </testcase> <!-- YSkillCreate -->
  <system-out/>
</testsuite> <!-- com.caiiht.fusion.selenium.yaksha.YakshaSkill -->
